[debug] [2022-12-26T01:20:01.524Z] ----------------------------------------------------------------------
[debug] [2022-12-26T01:20:01.526Z] Command:       /usr/local/bin/node /usr/local/bin/firebase init
[debug] [2022-12-26T01:20:01.527Z] CLI Version:   11.19.0
[debug] [2022-12-26T01:20:01.527Z] Platform:      darwin
[debug] [2022-12-26T01:20:01.527Z] Node Version:  v18.12.0
[debug] [2022-12-26T01:20:01.528Z] Time:          Sun Dec 25 2022 19:20:01 GMT-0600 (Central Standard Time)
[debug] [2022-12-26T01:20:01.529Z] ----------------------------------------------------------------------
[debug] 
[debug] [2022-12-26T01:20:01.531Z] >>> [apiv2][query] GET https://firebase-public.firebaseio.com/cli.json [none]
[debug] [2022-12-26T01:20:01.656Z] > command requires scopes: ["email","openid","https://www.googleapis.com/auth/cloudplatformprojects.readonly","https://www.googleapis.com/auth/firebase","https://www.googleapis.com/auth/cloud-platform"]
[debug] [2022-12-26T01:20:01.656Z] > authorizing via signed-in user (girtem123@gmail.com)
[info] 
     ######## #### ########  ######## ########     ###     ######  ########
     ##        ##  ##     ## ##       ##     ##  ##   ##  ##       ##
     ######    ##  ########  ######   ########  #########  ######  ######
     ##        ##  ##    ##  ##       ##     ## ##     ##       ## ##
     ##       #### ##     ## ######## ########  ##     ##  ######  ########

You're about to initialize a Firebase project in this directory:

  /Users/g.temesgen/Desktop/netflex-d/netflixClone

Before we get started, keep in mind:

  * You are initializing within an existing Firebase project directory

[debug] [2022-12-26T01:20:01.856Z] <<< [apiv2][status] GET https://firebase-public.firebaseio.com/cli.json 200
[debug] [2022-12-26T01:20:01.857Z] <<< [apiv2][body] GET https://firebase-public.firebaseio.com/cli.json {"cloudBuildErrorAfter":1594252800000,"cloudBuildWarnAfter":1590019200000,"defaultNode10After":1594252800000,"minVersion":"3.0.5","node8DeploysDisabledAfter":1613390400000,"node8RuntimeDisabledAfter":1615809600000,"node8WarnAfter":1600128000000}
[info] 
=== Project Setup
[info] 
[info] First, let's associate this project directory with a Firebase project.
[info] You can create multiple project aliases by running firebase use --add, 
[info] but for now we'll just set up a default project.
[info] 
[debug] [2022-12-26T01:21:05.825Z] Using project from CLI flag: netflix-clone-abdf7
[debug] [2022-12-26T01:21:05.825Z] > refreshing access token with scopes: []
[debug] [2022-12-26T01:21:05.827Z] >>> [apiv2][query] POST https://www.googleapis.com/oauth2/v3/token [none]
[debug] [2022-12-26T01:21:05.827Z] >>> [apiv2][body] POST https://www.googleapis.com/oauth2/v3/token [omitted]
[debug] [2022-12-26T01:21:06.112Z] <<< [apiv2][status] POST https://www.googleapis.com/oauth2/v3/token 200
[debug] [2022-12-26T01:21:06.113Z] <<< [apiv2][body] POST https://www.googleapis.com/oauth2/v3/token [omitted]
[debug] [2022-12-26T01:21:06.145Z] >>> [apiv2][query] GET https://firebase.googleapis.com/v1beta1/projects/netflix-clone-abdf7 [none]
[debug] [2022-12-26T01:21:06.499Z] <<< [apiv2][status] GET https://firebase.googleapis.com/v1beta1/projects/netflix-clone-abdf7 403
[debug] [2022-12-26T01:21:06.499Z] <<< [apiv2][body] GET https://firebase.googleapis.com/v1beta1/projects/netflix-clone-abdf7 {"error":{"code":403,"message":"The caller does not have permission","status":"PERMISSION_DENIED"}}
[debug] [2022-12-26T01:21:06.499Z] HTTP Error: 403, The caller does not have permission
[debug] [2022-12-26T01:21:06.682Z] FirebaseError: HTTP Error: 403, The caller does not have permission
    at responseToError (/usr/local/lib/node_modules/firebase-tools/lib/responseToError.js:49:12)
    at RetryOperation._fn (/usr/local/lib/node_modules/firebase-tools/lib/apiv2.js:288:77)
    at process.processTicksAndRejections (node:internal/process/task_queues:95:5)
[error] 
[error] Error: Failed to get Firebase project netflix-clone-abdf7. Please make sure the project exists and your account has permission to access it.
[debug] [2022-12-26T01:22:31.080Z] ----------------------------------------------------------------------
[debug] [2022-12-26T01:22:31.083Z] Command:       /usr/local/bin/node /usr/local/bin/firebase init
[debug] [2022-12-26T01:22:31.083Z] CLI Version:   11.19.0
[debug] [2022-12-26T01:22:31.083Z] Platform:      darwin
[debug] [2022-12-26T01:22:31.084Z] Node Version:  v18.12.0
[debug] [2022-12-26T01:22:31.085Z] Time:          Sun Dec 25 2022 19:22:31 GMT-0600 (Central Standard Time)
[debug] [2022-12-26T01:22:31.085Z] ----------------------------------------------------------------------
[debug] 
[debug] [2022-12-26T01:22:31.158Z] > command requires scopes: ["email","openid","https://www.googleapis.com/auth/cloudplatformprojects.readonly","https://www.googleapis.com/auth/firebase","https://www.googleapis.com/auth/cloud-platform"]
[debug] [2022-12-26T01:22:31.159Z] > authorizing via signed-in user (girtem123@gmail.com)
[info] 
     ######## #### ########  ######## ########     ###     ######  ########
     ##        ##  ##     ## ##       ##     ##  ##   ##  ##       ##
     ######    ##  ########  ######   ########  #########  ######  ######
     ##        ##  ##    ##  ##       ##     ## ##     ##       ## ##
     ##       #### ##     ## ######## ########  ##     ##  ######  ########

You're about to initialize a Firebase project in this directory:

  /Users/g.temesgen/Desktop/netflex-d/netflixClone

Before we get started, keep in mind:

  * You are initializing within an existing Firebase project directory

[info] 
=== Project Setup
[info] 
[info] First, let's associate this project directory with a Firebase project.
[info] You can create multiple project aliases by running firebase use --add, 
[info] but for now we'll just set up a default project.
[info] 
[debug] [2022-12-26T01:22:42.893Z] Using project from CLI flag: netflix-clone-abdf7
[debug] [2022-12-26T01:22:42.895Z] >>> [apiv2][query] GET https://firebase.googleapis.com/v1beta1/projects/netflix-clone-abdf7 [none]
[debug] [2022-12-26T01:22:43.284Z] <<< [apiv2][status] GET https://firebase.googleapis.com/v1beta1/projects/netflix-clone-abdf7 403
[debug] [2022-12-26T01:22:43.284Z] <<< [apiv2][body] GET https://firebase.googleapis.com/v1beta1/projects/netflix-clone-abdf7 {"error":{"code":403,"message":"The caller does not have permission","status":"PERMISSION_DENIED"}}
[debug] [2022-12-26T01:22:43.285Z] HTTP Error: 403, The caller does not have permission
[debug] [2022-12-26T01:22:43.471Z] FirebaseError: HTTP Error: 403, The caller does not have permission
    at responseToError (/usr/local/lib/node_modules/firebase-tools/lib/responseToError.js:49:12)
    at RetryOperation._fn (/usr/local/lib/node_modules/firebase-tools/lib/apiv2.js:288:77)
    at process.processTicksAndRejections (node:internal/process/task_queues:95:5)
[error] 
[error] Error: Failed to get Firebase project netflix-clone-abdf7. Please make sure the project exists and your account has permission to access it.
[debug] [2022-12-26T01:22:55.465Z] ----------------------------------------------------------------------
[debug] [2022-12-26T01:22:55.467Z] Command:       /usr/local/bin/node /usr/local/bin/firebase init
[debug] [2022-12-26T01:22:55.468Z] CLI Version:   11.19.0
[debug] [2022-12-26T01:22:55.468Z] Platform:      darwin
[debug] [2022-12-26T01:22:55.468Z] Node Version:  v18.12.0
[debug] [2022-12-26T01:22:55.469Z] Time:          Sun Dec 25 2022 19:22:55 GMT-0600 (Central Standard Time)
[debug] [2022-12-26T01:22:55.470Z] ----------------------------------------------------------------------
[debug] 
[debug] [2022-12-26T01:22:55.542Z] > command requires scopes: ["email","openid","https://www.googleapis.com/auth/cloudplatformprojects.readonly","https://www.googleapis.com/auth/firebase","https://www.googleapis.com/auth/cloud-platform"]
[debug] [2022-12-26T01:22:55.543Z] > authorizing via signed-in user (girtem123@gmail.com)
[info] 
     ######## #### ########  ######## ########     ###     ######  ########
     ##        ##  ##     ## ##       ##     ##  ##   ##  ##       ##
     ######    ##  ########  ######   ########  #########  ######  ######
     ##        ##  ##    ##  ##       ##     ## ##     ##       ## ##
     ##       #### ##     ## ######## ########  ##     ##  ######  ########

You're about to initialize a Firebase project in this directory:

  /Users/g.temesgen/Desktop/netflex-d/netflixClone

Before we get started, keep in mind:

  * You are initializing within an existing Firebase project directory

[info] 
=== Project Setup
[info] 
[info] First, let's associate this project directory with a Firebase project.
[info] You can create multiple project aliases by running firebase use --add, 
[info] but for now we'll just set up a default project.
[info] 
[debug] [2022-12-26T01:23:08.276Z] Using project from CLI flag: netflix-clone-abdf7
[debug] [2022-12-26T01:23:08.279Z] >>> [apiv2][query] GET https://firebase.googleapis.com/v1beta1/projects/netflix-clone-abdf7 [none]
[debug] [2022-12-26T01:23:08.695Z] <<< [apiv2][status] GET https://firebase.googleapis.com/v1beta1/projects/netflix-clone-abdf7 403
[debug] [2022-12-26T01:23:08.695Z] <<< [apiv2][body] GET https://firebase.googleapis.com/v1beta1/projects/netflix-clone-abdf7 {"error":{"code":403,"message":"The caller does not have permission","status":"PERMISSION_DENIED"}}
[debug] [2022-12-26T01:23:08.695Z] HTTP Error: 403, The caller does not have permission
[debug] [2022-12-26T01:23:08.898Z] FirebaseError: HTTP Error: 403, The caller does not have permission
    at responseToError (/usr/local/lib/node_modules/firebase-tools/lib/responseToError.js:49:12)
    at RetryOperation._fn (/usr/local/lib/node_modules/firebase-tools/lib/apiv2.js:288:77)
    at process.processTicksAndRejections (node:internal/process/task_queues:95:5)
[error] 
[error] Error: Failed to get Firebase project netflix-clone-abdf7. Please make sure the project exists and your account has permission to access it.
